<?xml version="1.0" encoding="UTF-8"?>
<testng-results ignored="0" total="1" passed="1" failed="0" skipped="0">
  <reporter-output>
  </reporter-output>
  <suite started-at="2024-06-04T14:05:59 IDT" name="Default suite" finished-at="2024-06-04T14:06:00 IDT" duration-ms="818">
    <groups>
    </groups>
    <test started-at="2024-06-04T14:05:59 IDT" name="Default test" finished-at="2024-06-04T14:06:00 IDT" duration-ms="818">
      <class name="API.tests.Test2">
        <test-method signature="T02_test2()[pri:0, instance:API.tests.Test2@25b5c5e3]" started-at="2024-06-04T14:05:59 IDT" name="T02_test2" description="Test2 - API" finished-at="2024-06-04T14:05:59 IDT" duration-ms="290" status="PASS">
          <reporter-output>
          </reporter-output>
        </test-method> <!-- T02_test2 -->
      </class> <!-- API.tests.Test2 -->
    </test> <!-- Default test -->
  </suite> <!-- Default suite -->
</testng-results>
